Performing C SOURCE FILE Test CMAKE_HAVE_LIBC_PTHREAD failed with the following output:
Change Dir: /home/frank/software/geant4/sim/build/CMakeFiles/CMakeTmp

Run Build Command(s):/usr/bin/make cmTC_59456/fast && /usr/bin/make -f CMakeFiles/cmTC_59456.dir/build.make CMakeFiles/cmTC_59456.dir/build
make[1]: Entering directory '/home/frank/software/geant4/sim/build/CMakeFiles/CMakeTmp'
Building C object CMakeFiles/cmTC_59456.dir/src.c.o
/usr/bin/cc   -DCMAKE_HAVE_LIBC_PTHREAD   -o CMakeFiles/cmTC_59456.dir/src.c.o   -c /home/frank/software/geant4/sim/build/CMakeFiles/CMakeTmp/src.c
Linking C executable cmTC_59456
/usr/bin/cmake -E cmake_link_script CMakeFiles/cmTC_59456.dir/link.txt --verbose=1
/usr/bin/cc  -DCMAKE_HAVE_LIBC_PTHREAD    CMakeFiles/cmTC_59456.dir/src.c.o  -o cmTC_59456 
/usr/bin/ld: CMakeFiles/cmTC_59456.dir/src.c.o: in function `main':
src.c:(.text+0x46): undefined reference to `pthread_create'
/usr/bin/ld: src.c:(.text+0x52): undefined reference to `pthread_detach'
/usr/bin/ld: src.c:(.text+0x63): undefined reference to `pthread_join'
collect2: error: ld returned 1 exit status
make[1]: *** [CMakeFiles/cmTC_59456.dir/build.make:87: cmTC_59456] Error 1
make[1]: Leaving directory '/home/frank/software/geant4/sim/build/CMakeFiles/CMakeTmp'
make: *** [Makefile:121: cmTC_59456/fast] Error 2


Source file was:
#include <pthread.h>

void* test_func(void* data)
{
  return data;
}

int main(void)
{
  pthread_t thread;
  pthread_create(&thread, NULL, test_func, NULL);
  pthread_detach(thread);
  pthread_join(thread, NULL);
  pthread_atfork(NULL, NULL, NULL);
  pthread_exit(NULL);

  return 0;
}

Performing C SOURCE FILE Test CMAKE_HAVE_LIBC_PTHREAD failed with the following output:
Change Dir: /home/hegedus.24/Desktop/beatty_lab/geant4/CoRaLS_Notes/build/CMakeFiles/CMakeTmp

Run Build Command(s):/bin/gmake -f Makefile cmTC_85051/fast && /bin/gmake  -f CMakeFiles/cmTC_85051.dir/build.make CMakeFiles/cmTC_85051.dir/build
gmake[1]: Entering directory `/home/hegedus.24/Desktop/beatty_lab/geant4/CoRaLS_Notes/build/CMakeFiles/CMakeTmp'
Building C object CMakeFiles/cmTC_85051.dir/src.c.o
/apps/gnu-compatibility/11.2.0/bin/gcc -DCMAKE_HAVE_LIBC_PTHREAD   -o CMakeFiles/cmTC_85051.dir/src.c.o -c /home/hegedus.24/Desktop/beatty_lab/geant4/CoRaLS_Notes/build/CMakeFiles/CMakeTmp/src.c
Linking C executable cmTC_85051
/usr/local/cmake/3.20.2/bin/cmake -E cmake_link_script CMakeFiles/cmTC_85051.dir/link.txt --verbose=1
/apps/gnu-compatibility/11.2.0/bin/gcc CMakeFiles/cmTC_85051.dir/src.c.o -o cmTC_85051 
CMakeFiles/cmTC_85051.dir/src.c.o: In function `main':
src.c:(.text+0x2d): undefined reference to `pthread_create'
src.c:(.text+0x39): undefined reference to `pthread_detach'
src.c:(.text+0x45): undefined reference to `pthread_cancel'
src.c:(.text+0x56): undefined reference to `pthread_join'
src.c:(.text+0x6a): undefined reference to `pthread_atfork'
collect2: error: ld returned 1 exit status
gmake[1]: *** [cmTC_85051] Error 1
gmake[1]: Leaving directory `/home/hegedus.24/Desktop/beatty_lab/geant4/CoRaLS_Notes/build/CMakeFiles/CMakeTmp'
gmake: *** [cmTC_85051/fast] Error 2


Source file was:
#include <pthread.h>

static void* test_func(void* data)
{
  return data;
}

int main(void)
{
  pthread_t thread;
  pthread_create(&thread, NULL, test_func, NULL);
  pthread_detach(thread);
  pthread_cancel(thread);
  pthread_join(thread, NULL);
  pthread_atfork(NULL, NULL, NULL);
  pthread_exit(NULL);

  return 0;
}

